
(process:29758): GLib-CRITICAL **: g_slice_set_config: assertion 'sys_page_size == 0' failed

(firefox:29758): GLib-GObject-WARNING **: Attempt to add property GnomeProgram::sm-connect after class was initialised

(firefox:29758): GLib-GObject-WARNING **: Attempt to add property GnomeProgram::show-crash-dialog after class was initialised

(firefox:29758): GLib-GObject-WARNING **: Attempt to add property GnomeProgram::display after class was initialised

(firefox:29758): GLib-GObject-WARNING **: Attempt to add property GnomeProgram::default-icon after class was initialised
console.error: pushline: 
  Error: [$sanitize:badparse] http://errors.angularjs.org/1.2.26/$sanitize/badparse?p0=%3Cdavidecerbo%40gmail.com%3E%20ha%20scritto%3A
d/<@resource://jid1-lok3a3r6op58vg-at-jetpack/pushline/data/js/pushline-almond.min.js:1:3220
f@resource://jid1-lok3a3r6op58vg-at-jetpack/pushline/data/js/pushline-almond.min.js:5:1771
this.$get</<@resource://jid1-lok3a3r6op58vg-at-jetpack/pushline/data/js/pushline-almond.min.js:5:4114
qc/this.$get</<.getTrusted@resource://jid1-lok3a3r6op58vg-at-jetpack/pushline/data/js/pushline-almond.min.js:2:27943
@resource://jid1-lok3a3r6op58vg-at-jetpack/pushline/data/js/pushline-almond.min.js:2:28702
Ce</<.compile/</<@resource://jid1-lok3a3r6op58vg-at-jetpack/pushline/data/js/pushline-almond.min.js:4:1793
mc/this.$get</k.prototype.$digest@resource://jid1-lok3a3r6op58vg-at-jetpack/pushline/data/js/pushline-almond.min.js:2:23224
mc/this.$get</k.prototype.$apply@resource://jid1-lok3a3r6op58vg-at-jetpack/pushline/data/js/pushline-almond.min.js:2:24739
i@resource://jid1-lok3a3r6op58vg-at-jetpack/pushline/data/js/pushline-almond.min.js:2:4436
r@resource://jid1-lok3a3r6op58vg-at-jetpack/pushline/data/js/pushline-almond.min.js:2:6983
Ob/</w.onreadystatechange@resource://jid1-lok3a3r6op58vg-at-jetpack/pushline/data/js/pushline-almond.min.js:2:7535


(process:29846): GLib-CRITICAL **: g_slice_set_config: assertion 'sys_page_size == 0' failed

(firefox:29846): GLib-GObject-WARNING **: Attempt to add property GnomeProgram::sm-connect after class was initialised

(firefox:29846): GLib-GObject-WARNING **: Attempt to add property GnomeProgram::show-crash-dialog after class was initialised

(firefox:29846): GLib-GObject-WARNING **: Attempt to add property GnomeProgram::display after class was initialised

(firefox:29846): GLib-GObject-WARNING **: Attempt to add property GnomeProgram::default-icon after class was initialised
console.error: pushline: 
  Error: [$sanitize:badparse] http://errors.angularjs.org/1.2.26/$sanitize/badparse?p0=%3Cdavidecerbo%40gmail.com%3E%20ha%20scritto%3A
d/<@resource://jid1-lok3a3r6op58vg-at-jetpack/pushline/data/js/pushline-almond.min.js:1:3220
f@resource://jid1-lok3a3r6op58vg-at-jetpack/pushline/data/js/pushline-almond.min.js:5:1771
this.$get</<@resource://jid1-lok3a3r6op58vg-at-jetpack/pushline/data/js/pushline-almond.min.js:5:4114
qc/this.$get</<.getTrusted@resource://jid1-lok3a3r6op58vg-at-jetpack/pushline/data/js/pushline-almond.min.js:2:27943
@resource://jid1-lok3a3r6op58vg-at-jetpack/pushline/data/js/pushline-almond.min.js:2:28702
Ce</<.compile/</<@resource://jid1-lok3a3r6op58vg-at-jetpack/pushline/data/js/pushline-almond.min.js:4:1793
mc/this.$get</k.prototype.$digest@resource://jid1-lok3a3r6op58vg-at-jetpack/pushline/data/js/pushline-almond.min.js:2:23224
mc/this.$get</k.prototype.$apply@resource://jid1-lok3a3r6op58vg-at-jetpack/pushline/data/js/pushline-almond.min.js:2:24739
i@resource://jid1-lok3a3r6op58vg-at-jetpack/pushline/data/js/pushline-almond.min.js:2:4436
r@resource://jid1-lok3a3r6op58vg-at-jetpack/pushline/data/js/pushline-almond.min.js:2:6983
Ob/</w.onreadystatechange@resource://jid1-lok3a3r6op58vg-at-jetpack/pushline/data/js/pushline-almond.min.js:2:7535

